0 info it worked if it ends with ok
1 verbose cli [ '/Users/rodleviton/.nvm/versions/node/v4.4.3/bin/node',
1 verbose cli   '/Users/rodleviton/.nvm/versions/node/v4.4.3/bin/npm',
1 verbose cli   'run',
1 verbose cli   'report-coverage' ]
2 info using npm@3.8.6
3 info using node@v4.4.3
4 verbose run-script [ 'prereport-coverage',
4 verbose run-script   'report-coverage',
4 verbose run-script   'postreport-coverage' ]
5 info lifecycle generator-swanky@0.0.0-semantically-released~prereport-coverage: generator-swanky@0.0.0-semantically-released
6 silly lifecycle generator-swanky@0.0.0-semantically-released~prereport-coverage: no script for prereport-coverage, continuing
7 info lifecycle generator-swanky@0.0.0-semantically-released~report-coverage: generator-swanky@0.0.0-semantically-released
8 verbose lifecycle generator-swanky@0.0.0-semantically-released~report-coverage: unsafe-perm in lifecycle true
9 verbose lifecycle generator-swanky@0.0.0-semantically-released~report-coverage: PATH: /Users/rodleviton/.nvm/versions/node/v4.4.3/lib/node_modules/npm/bin/node-gyp-bin:/Users/rodleviton/Dev/generator-swanky/node_modules/.bin:/Users/rodleviton/.nvm/versions/node/v4.4.3/bin:/Users/rodleviton/.nvm/versions/node/v4.4.3/bin:/usr/local/bin:/usr/bin:/bin:/usr/sbin:/sbin
10 verbose lifecycle generator-swanky@0.0.0-semantically-released~report-coverage: CWD: /Users/rodleviton/Dev/generator-swanky
11 silly lifecycle generator-swanky@0.0.0-semantically-released~report-coverage: Args: [ '-c', 'cat ./coverage/coverage-final.json | codecov' ]
12 silly lifecycle generator-swanky@0.0.0-semantically-released~report-coverage: Returned: code: 1  signal: null
13 info lifecycle generator-swanky@0.0.0-semantically-released~report-coverage: Failed to exec report-coverage script
14 verbose stack Error: generator-swanky@0.0.0-semantically-released report-coverage: `cat ./coverage/coverage-final.json | codecov`
14 verbose stack Exit status 1
14 verbose stack     at EventEmitter.<anonymous> (/Users/rodleviton/.nvm/versions/node/v4.4.3/lib/node_modules/npm/lib/utils/lifecycle.js:239:16)
14 verbose stack     at emitTwo (events.js:87:13)
14 verbose stack     at EventEmitter.emit (events.js:172:7)
14 verbose stack     at ChildProcess.<anonymous> (/Users/rodleviton/.nvm/versions/node/v4.4.3/lib/node_modules/npm/lib/utils/spawn.js:24:14)
14 verbose stack     at emitTwo (events.js:87:13)
14 verbose stack     at ChildProcess.emit (events.js:172:7)
14 verbose stack     at maybeClose (internal/child_process.js:827:16)
14 verbose stack     at Process.ChildProcess._handle.onexit (internal/child_process.js:211:5)
15 verbose pkgid generator-swanky@0.0.0-semantically-released
16 verbose cwd /Users/rodleviton/Dev/generator-swanky
17 error Darwin 15.3.0
18 error argv "/Users/rodleviton/.nvm/versions/node/v4.4.3/bin/node" "/Users/rodleviton/.nvm/versions/node/v4.4.3/bin/npm" "run" "report-coverage"
19 error node v4.4.3
20 error npm  v3.8.6
21 error code ELIFECYCLE
22 error generator-swanky@0.0.0-semantically-released report-coverage: `cat ./coverage/coverage-final.json | codecov`
22 error Exit status 1
23 error Failed at the generator-swanky@0.0.0-semantically-released report-coverage script 'cat ./coverage/coverage-final.json | codecov'.
23 error Make sure you have the latest version of node.js and npm installed.
23 error If you do, this is most likely a problem with the generator-swanky package,
23 error not with npm itself.
23 error Tell the author that this fails on your system:
23 error     cat ./coverage/coverage-final.json | codecov
23 error You can get information on how to open an issue for this project with:
23 error     npm bugs generator-swanky
23 error Or if that isn't available, you can get their info via:
23 error     npm owner ls generator-swanky
23 error There is likely additional logging output above.
24 verbose exit [ 1, true ]
